#
# There is insufficient memory for the Java Runtime Environment to continue.
# Native memory allocation (malloc) failed to allocate 638192 bytes for Chunk::new
# Possible reasons:
#   The system is out of physical RAM or swap space
#   The process is running with CompressedOops enabled, and the Java Heap may be blocking the growth of the native heap
# Possible solutions:
#   Reduce memory load on the system
#   Increase physical memory or swap space
#   Check if swap backing store is full
#   Decrease Java heap size (-Xmx/-Xms)
#   Decrease number of Java threads
#   Decrease Java thread stack sizes (-Xss)
#   Set larger code cache with -XX:ReservedCodeCacheSize=
#   JVM is running with Unscaled Compressed Oops mode in which the Java heap is
#     placed in the first 4GB address space. The Java Heap base address is the
#     maximum limit for the native heap growth. Please use -XX:HeapBaseMinAddress
#     to set the Java Heap base and to place the Java Heap above 4GB virtual address.
# This output file may be truncated or incomplete.
#
#  Out of Memory Error (arena.cpp:184), pid=43744, tid=20372
#
# JRE version: OpenJDK Runtime Environment Corretto-18.0.2.9.1 (18.0.2+9) (build 18.0.2+9-FR)
# Java VM: OpenJDK 64-Bit Server VM Corretto-18.0.2.9.1 (18.0.2+9-FR, mixed mode, sharing, tiered, compressed oops, compressed class ptrs, g1 gc, windows-amd64)
# No core dump will be written. Minidumps are not enabled by default on client versions of Windows
#

---------------  S U M M A R Y ------------

Command Line: -ea -Didea.test.cyclic.buffer.size=1048576 -javaagent:C:\Users\Misbha Ahmed\IntelliJ IDEA Community Edition 2024.3\lib\idea_rt.jar=53965:C:\Users\Misbha Ahmed\IntelliJ IDEA Community Edition 2024.3\bin -javaagent:C:\Users\MISBHA~1\AppData\Local\Temp\captureAgent82960jars\debugger-agent.jar -Dkotlinx.coroutines.debug.enable.creation.stack.trace=false -Ddebugger.agent.enable.coroutines=true -Dkotlinx.coroutines.debug.enable.flows.stack.trace=true -Dkotlinx.coroutines.debug.enable.mutable.state.flows.stack.trace=true -Dfile.encoding=UTF-8 -Dsun.stdout.encoding=UTF-8 -Dsun.stderr.encoding=UTF-8 com.intellij.rt.testng.RemoteTestNGStarter -usedefaultlisteners false -socket53964 @w@C:\Users\MISBHA~1\AppData\Local\Temp\idea_working_dirs_testng.tmp -temp C:\Users\MISBHA~1\AppData\Local\Temp\idea_testng.tmp

Host: Intel(R) Core(TM) i5-1035G1 CPU @ 1.00GHz, 8 cores, 7G,  Windows 11 , 64 bit Build 26100 (10.0.26100.3323)
Time: Mon Mar 17 23:11:10 2025 Eastern Daylight Time elapsed time: 740.198235 seconds (0d 0h 12m 20s)

---------------  T H R E A D  ---------------

Current thread (0x00000225362c0ad0):  JavaThread "C2 CompilerThread0" daemon [_thread_in_native, id=20372, stack(0x000000cab0c00000,0x000000cab0d00000)]


Current CompileTask:
C2: 740198 4914   !   4       sun.nio.ch.WEPollSelectorImpl::doSelect (107 bytes)

Stack: [0x000000cab0c00000,0x000000cab0d00000]
Native frames: (J=compiled Java code, j=interpreted, Vv=VM code, C=native code)
V  [jvm.dll+0x685a2a]
V  [jvm.dll+0x82ae8d]
V  [jvm.dll+0x82c75e]
V  [jvm.dll+0x82ce03]
V  [jvm.dll+0x25ef4b]
V  [jvm.dll+0xd42d2]
V  [jvm.dll+0xd4665]
V  [jvm.dll+0x38578b]
V  [jvm.dll+0x34d82a]
V  [jvm.dll+0x34cc1a]
V  [jvm.dll+0x233a65]
V  [jvm.dll+0x232f37]
V  [jvm.dll+0x1c0a35]
V  [jvm.dll+0x24212c]
V  [jvm.dll+0x240534]
V  [jvm.dll+0x7df6db]
V  [jvm.dll+0x7d9cba]
V  [jvm.dll+0x6848a5]
C  [ucrtbase.dll+0x37b0]
C  [KERNEL32.DLL+0x2e8d7]
C  [ntdll.dll+0xbbf6c]


---------------  P R O C E S S  ---------------

Threads class SMR info:
_java_thread_list=0x000002253c88c5c0, length=113, elements={
0x0000022517da80a0, 0x00000225362964b0, 0x00000225362975f0, 0x00000225362b25b0,
0x00000225362b2e60, 0x00000225362b5fb0, 0x00000225362b8100, 0x00000225362c0ad0,
0x00000225362bee30, 0x00000225362fa010, 0x000002253ac97e10, 0x000002253adaad30,
0x000002253ae8a7c0, 0x000002253d0d1d00, 0x000002253d0d21d0, 0x000002253d0cf1b0,
0x000002253d0d3040, 0x000002253d0d4380, 0x000002253beb4f20, 0x000002253d0d39e0,
0x000002253c3a8ed0, 0x000002253c3a6d20, 0x000002253c3a71f0, 0x000002253c3a7b90,
0x000002253c3ac3c0, 0x000002253c3ad230, 0x000002253c3acd60, 0x000002253c3aa6e0,
0x000002253c3ae0a0, 0x000002253c3aabb0, 0x000002253b6a8c20, 0x000002253b6a9f60,
0x000002253b6a7410, 0x000002253b6a65a0, 0x000002253b6a6a70, 0x000002253b6aa900,
0x000002253b6a6f40, 0x000002253b6a9a90, 0x000002253b6ab770, 0x000002253b6acf80,
0x000002253d0cf680, 0x000002253d0d1360, 0x000002253d0d4850, 0x000002253d0d6a00,
0x000002253d0d3eb0, 0x000002253c3a76c0, 0x000002253c3ab550, 0x000002253c3aba20,
0x000002253c3abef0, 0x000002253c3a9870, 0x000002253b6a90f0, 0x000002253b6a78e0,
0x000002253b6a7db0, 0x000002253b6a60d0, 0x000002253b6ac110, 0x000002253b6ac5e0,
0x000002253d0d0020, 0x000002253d0d6530, 0x000002253d0d51f0, 0x000002253beb3be0,
0x000002253beb58c0, 0x000002253c3a93a0, 0x000002253c7b75d0, 0x000002253c7b6760,
0x000002253c7b6290, 0x000002253c7b7100, 0x000002253c7b8440, 0x000002253c7b4a80,
0x000002253c7b8de0, 0x000002253c7ba120, 0x000002253c7b9780, 0x000002253c7b5420,
0x000002253c7baac0, 0x000002253c7baf90, 0x000002253c7bb930, 0x000002253c3aa210,
0x000002253c3a8a00, 0x000002253c3a6850, 0x000002253c3ad700, 0x000002253b6ab2a0,
0x000002253b6abc40, 0x000002253c7b58f0, 0x000002253c7b45b0, 0x000002253c7b8910,
0x000002253c7b4f50, 0x000002253c7b92b0, 0x000002253c7bbe00, 0x000002253beaea10,
0x000002253beb1a30, 0x000002253b6a8280, 0x000002253b6a95c0, 0x000002253b6a5c00,
0x000002253c3adbd0, 0x000002253c7b5dc0, 0x000002253c7b6c30, 0x000002253c7bb460,
0x000002253beb1f00, 0x000002253beaeee0, 0x000002253beb3240, 0x000002253beaf880,
0x000002253d0d5b90, 0x000002253d0d3510, 0x000002253c3a9d40, 0x000002253c3a8060,
0x000002253ac9e500, 0x000002253ac9b9b0, 0x000002253ac9ccf0, 0x000002253ac9d690,
0x000002253ac9b010, 0x000002253ac9c820, 0x000002253ac9d1c0, 0x000002253ac9db60,
0x000002253c7b9c50
}

Java Threads: ( => current thread )
  0x0000022517da80a0 JavaThread "Forwarding newSession on session null to remote" [_thread_blocked, id=48820, stack(0x000000caaff00000,0x000000cab0000000)]
  0x00000225362964b0 JavaThread "Reference Handler" daemon [_thread_blocked, id=43488, stack(0x000000cab0600000,0x000000cab0700000)]
  0x00000225362975f0 JavaThread "Finalizer" daemon [_thread_blocked, id=48340, stack(0x000000cab0700000,0x000000cab0800000)]
  0x00000225362b25b0 JavaThread "Signal Dispatcher" daemon [_thread_blocked, id=4264, stack(0x000000cab0800000,0x000000cab0900000)]
  0x00000225362b2e60 JavaThread "Attach Listener" daemon [_thread_blocked, id=37640, stack(0x000000cab0900000,0x000000cab0a00000)]
  0x00000225362b5fb0 JavaThread "Service Thread" daemon [_thread_blocked, id=968, stack(0x000000cab0a00000,0x000000cab0b00000)]
  0x00000225362b8100 JavaThread "Monitor Deflation Thread" daemon [_thread_blocked, id=33048, stack(0x000000cab0b00000,0x000000cab0c00000)]
=>0x00000225362c0ad0 JavaThread "C2 CompilerThread0" daemon [_thread_in_native, id=20372, stack(0x000000cab0c00000,0x000000cab0d00000)]
  0x00000225362bee30 JavaThread "C1 CompilerThread0" daemon [_thread_blocked, id=22336, stack(0x000000cab0d00000,0x000000cab0e00000)]
  0x00000225362fa010 JavaThread "Sweeper thread" daemon [_thread_blocked, id=30220, stack(0x000000cab0e00000,0x000000cab0f00000)]
  0x000002253ac97e10 JavaThread "Common-Cleaner" daemon [_thread_blocked, id=25244, stack(0x000000cab0f00000,0x000000cab1000000)]
  0x000002253adaad30 JavaThread "Monitor Ctrl-Break" daemon [_thread_in_native, id=26508, stack(0x000000cab1000000,0x000000cab1100000)]
  0x000002253ae8a7c0 JavaThread "Notification Thread" daemon [_thread_blocked, id=19916, stack(0x000000cab1100000,0x000000cab1200000)]
  0x000002253d0d1d00 JavaThread "CompletableFutureDelayScheduler" daemon [_thread_blocked, id=8188, stack(0x000000cab2800000,0x000000cab2900000)]
  0x000002253d0d21d0 JavaThread "External Process Output Forwarder - C:\Users\Misbha Ahmed\.cache\selenium\chromedriver\win64\134.0.6998.88\chromedriver.exe" daemon [_thread_in_native, id=36784, stack(0x000000cab2500000,0x000000cab2600000)]
  0x000002253d0cf1b0 JavaThread "Driver Service Executor" daemon [_thread_blocked, id=42696, stack(0x000000cab2700000,0x000000cab2800000)]
  0x000002253d0d3040 JavaThread "Driver Service Executor" daemon [_thread_blocked, id=31420, stack(0x000000cab2900000,0x000000cab2a00000)]
  0x000002253d0d4380 JavaThread "HttpClient-5-SelectorManager" daemon [_thread_in_native, id=35540, stack(0x000000cab3100000,0x000000cab3200000)]
  0x000002253beb4f20 JavaThread "External Process Output Forwarder - C:\Users\Misbha Ahmed\.cache\selenium\chromedriver\win64\134.0.6998.88\chromedriver.exe" daemon [_thread_in_native, id=48852, stack(0x000000cab3700000,0x000000cab3800000)]
  0x000002253d0d39e0 JavaThread "Driver Service Executor" daemon [_thread_blocked, id=23260, stack(0x000000cab3800000,0x000000cab3900000)]
  0x000002253c3a8ed0 JavaThread "Driver Service Executor" daemon [_thread_blocked, id=35036, stack(0x000000cab3900000,0x000000cab3a00000)]
  0x000002253c3a6d20 JavaThread "HttpClient-7-SelectorManager" daemon [_thread_in_native, id=38904, stack(0x000000cab3d00000,0x000000cab3e00000)]
  0x000002253c3a71f0 JavaThread "External Process Output Forwarder - C:\Users\Misbha Ahmed\.cache\selenium\chromedriver\win64\134.0.6998.88\chromedriver.exe" daemon [_thread_in_native, id=39636, stack(0x000000cab4100000,0x000000cab4200000)]
  0x000002253c3a7b90 JavaThread "Driver Service Executor" daemon [_thread_blocked, id=2296, stack(0x000000cab4200000,0x000000cab4300000)]
  0x000002253c3ac3c0 JavaThread "Driver Service Executor" daemon [_thread_blocked, id=34648, stack(0x000000cab4300000,0x000000cab4400000)]
  0x000002253c3ad230 JavaThread "HttpClient-9-SelectorManager" daemon [_thread_in_native, id=26948, stack(0x000000cab4800000,0x000000cab4900000)]
  0x000002253c3acd60 JavaThread "HttpClient-10-SelectorManager" daemon [_thread_in_native, id=25308, stack(0x000000caafc00000,0x000000caafd00000)]
  0x000002253c3aa6e0 JavaThread "External Process Output Forwarder - C:\Users\Misbha Ahmed\.cache\selenium\chromedriver\win64\134.0.6998.88\chromedriver.exe" daemon [_thread_in_native, id=5280, stack(0x000000caafd00000,0x000000caafe00000)]
  0x000002253c3ae0a0 JavaThread "Driver Service Executor" daemon [_thread_blocked, id=35336, stack(0x000000caafe00000,0x000000caaff00000)]
  0x000002253c3aabb0 JavaThread "Driver Service Executor" daemon [_thread_blocked, id=29172, stack(0x000000cab4400000,0x000000cab4500000)]
  0x000002253b6a8c20 JavaThread "HttpClient-11-SelectorManager" daemon [_thread_in_native, id=13320, stack(0x000000cab5100000,0x000000cab5200000)]
  0x000002253b6a9f60 JavaThread "External Process Output Forwarder - C:\Users\Misbha Ahmed\.cache\selenium\geckodriver\win64\0.36.0\geckodriver.exe" daemon [_thread_in_native, id=24616, stack(0x000000cab5500000,0x000000cab5600000)]
  0x000002253b6a7410 JavaThread "Driver Service Executor" daemon [_thread_blocked, id=22640, stack(0x000000cab5600000,0x000000cab5700000)]
  0x000002253b6a65a0 JavaThread "Driver Service Executor" daemon [_thread_blocked, id=30140, stack(0x000000cab5700000,0x000000cab5800000)]
  0x000002253b6a6a70 JavaThread "External Process Output Forwarder - C:\Users\Misbha Ahmed\.cache\selenium\geckodriver\win64\0.36.0\geckodriver.exe" daemon [_thread_in_native, id=38692, stack(0x000000cab5c00000,0x000000cab5d00000)]
  0x000002253b6aa900 JavaThread "Driver Service Executor" daemon [_thread_blocked, id=44252, stack(0x000000cab5d00000,0x000000cab5e00000)]
  0x000002253b6a6f40 JavaThread "Driver Service Executor" daemon [_thread_blocked, id=40468, stack(0x000000cab5e00000,0x000000cab5f00000)]
  0x000002253b6a9a90 JavaThread "External Process Output Forwarder - C:\Users\Misbha Ahmed\.cache\selenium\geckodriver\win64\0.36.0\geckodriver.exe" daemon [_thread_in_native, id=13440, stack(0x000000cab2300000,0x000000cab2400000)]
  0x000002253b6ab770 JavaThread "Driver Service Executor" daemon [_thread_blocked, id=12132, stack(0x000000cab2b00000,0x000000cab2c00000)]
  0x000002253b6acf80 JavaThread "Driver Service Executor" daemon [_thread_blocked, id=34608, stack(0x000000cab3600000,0x000000cab3700000)]
  0x000002253d0cf680 JavaThread "External Process Output Forwarder - C:\Users\Misbha Ahmed\.cache\selenium\geckodriver\win64\0.36.0\geckodriver.exe" daemon [_thread_in_native, id=24400, stack(0x000000cab2400000,0x000000cab2500000)]
  0x000002253d0d1360 JavaThread "Driver Service Executor" daemon [_thread_blocked, id=30264, stack(0x000000cab2e00000,0x000000cab2f00000)]
  0x000002253d0d4850 JavaThread "Driver Service Executor" daemon [_thread_blocked, id=41660, stack(0x000000cab2f00000,0x000000cab3000000)]
  0x000002253d0d6a00 JavaThread "External Process Output Forwarder - C:\Users\Misbha Ahmed\.cache\selenium\geckodriver\win64\0.36.0\geckodriver.exe" daemon [_thread_in_native, id=18116, stack(0x000000cab2a00000,0x000000cab2b00000)]
  0x000002253d0d3eb0 JavaThread "Driver Service Executor" daemon [_thread_blocked, id=6864, stack(0x000000cab3500000,0x000000cab3600000)]
  0x000002253c3a76c0 JavaThread "Driver Service Executor" daemon [_thread_blocked, id=15260, stack(0x000000cab3a00000,0x000000cab3b00000)]
  0x000002253c3ab550 JavaThread "HttpClient-17-SelectorManager" daemon [_thread_in_native, id=47736, stack(0x000000cab1300000,0x000000cab1400000)]
  0x000002253c3aba20 JavaThread "External Process Output Forwarder - C:\Users\Misbha Ahmed\.cache\selenium\geckodriver\win64\0.36.0\geckodriver.exe" daemon [_thread_in_native, id=45644, stack(0x000000cab2200000,0x000000cab2300000)]
  0x000002253c3abef0 JavaThread "Driver Service Executor" daemon [_thread_blocked, id=10400, stack(0x000000cab2d00000,0x000000cab2e00000)]
  0x000002253c3a9870 JavaThread "Driver Service Executor" daemon [_thread_blocked, id=34340, stack(0x000000cab4000000,0x000000cab4100000)]
  0x000002253b6a90f0 JavaThread "External Process Output Forwarder - C:\Users\Misbha Ahmed\.cache\selenium\geckodriver\win64\0.36.0\geckodriver.exe" daemon [_thread_in_native, id=24680, stack(0x000000cab4c00000,0x000000cab4d00000)]
  0x000002253b6a78e0 JavaThread "Driver Service Executor" daemon [_thread_blocked, id=18204, stack(0x000000cab4e00000,0x000000cab4f00000)]
  0x000002253b6a7db0 JavaThread "Driver Service Executor" daemon [_thread_blocked, id=10944, stack(0x000000cab4f00000,0x000000cab5000000)]
  0x000002253b6a60d0 JavaThread "External Process Output Forwarder - C:\Users\Misbha Ahmed\.cache\selenium\geckodriver\win64\0.36.0\geckodriver.exe" daemon [_thread_in_native, id=45248, stack(0x000000cab4d00000,0x000000cab4e00000)]
  0x000002253b6ac110 JavaThread "Driver Service Executor" daemon [_thread_blocked, id=49548, stack(0x000000cab5400000,0x000000cab5500000)]
  0x000002253b6ac5e0 JavaThread "Driver Service Executor" daemon [_thread_blocked, id=48972, stack(0x000000cab5800000,0x000000cab5900000)]
  0x000002253d0d0020 JavaThread "External Process Output Forwarder - C:\Users\Misbha Ahmed\.cache\selenium\geckodriver\win64\0.36.0\geckodriver.exe" daemon [_thread_in_native, id=49356, stack(0x000000cab3000000,0x000000cab3100000)]
  0x000002253d0d6530 JavaThread "Driver Service Executor" daemon [_thread_blocked, id=23456, stack(0x000000cab3300000,0x000000cab3400000)]
  0x000002253d0d51f0 JavaThread "Driver Service Executor" daemon [_thread_blocked, id=26428, stack(0x000000cab3400000,0x000000cab3500000)]
  0x000002253beb3be0 JavaThread "External Process Output Forwarder - C:\Users\Misbha Ahmed\.cache\selenium\geckodriver\win64\0.36.0\geckodriver.exe" daemon [_thread_in_native, id=46488, stack(0x000000cab3e00000,0x000000cab3f00000)]
  0x000002253beb58c0 JavaThread "Driver Service Executor" daemon [_thread_blocked, id=35612, stack(0x000000cab3f00000,0x000000cab4000000)]
  0x000002253c3a93a0 JavaThread "Driver Service Executor" daemon [_thread_blocked, id=48620, stack(0x000000cab6100000,0x000000cab6200000)]
  0x000002253c7b75d0 JavaThread "External Process Output Forwarder - C:\Users\Misbha Ahmed\.cache\selenium\geckodriver\win64\0.36.0\geckodriver.exe" daemon [_thread_in_native, id=11240, stack(0x000000cab6600000,0x000000cab6700000)]
  0x000002253c7b6760 JavaThread "Driver Service Executor" daemon [_thread_blocked, id=4980, stack(0x000000cab6700000,0x000000cab6800000)]
  0x000002253c7b6290 JavaThread "Driver Service Executor" daemon [_thread_blocked, id=48480, stack(0x000000cab6800000,0x000000cab6900000)]
  0x000002253c7b7100 JavaThread "External Process Output Forwarder - C:\Users\Misbha Ahmed\.cache\selenium\geckodriver\win64\0.36.0\geckodriver.exe" daemon [_thread_in_native, id=34508, stack(0x000000cab4700000,0x000000cab4800000)]
  0x000002253c7b8440 JavaThread "Driver Service Executor" daemon [_thread_blocked, id=33864, stack(0x000000cab4900000,0x000000cab4a00000)]
  0x000002253c7b4a80 JavaThread "Driver Service Executor" daemon [_thread_blocked, id=12516, stack(0x000000cab5000000,0x000000cab5100000)]
  0x000002253c7b8de0 JavaThread "External Process Output Forwarder - C:\Users\Misbha Ahmed\.cache\selenium\geckodriver\win64\0.36.0\geckodriver.exe" daemon [_thread_in_native, id=15720, stack(0x000000cab3c00000,0x000000cab3d00000)]
  0x000002253c7ba120 JavaThread "Driver Service Executor" daemon [_thread_blocked, id=24472, stack(0x000000cab5900000,0x000000cab5a00000)]
  0x000002253c7b9780 JavaThread "Driver Service Executor" daemon [_thread_blocked, id=41704, stack(0x000000cab5a00000,0x000000cab5b00000)]
  0x000002253c7b5420 JavaThread "HttpClient-25-SelectorManager" daemon [_thread_in_native, id=15356, stack(0x000000cab4a00000,0x000000cab4b00000)]
  0x000002253c7baac0 JavaThread "External Process Output Forwarder - C:\Users\Misbha Ahmed\.cache\selenium\geckodriver\win64\0.36.0\geckodriver.exe" daemon [_thread_in_native, id=15472, stack(0x000000cab6200000,0x000000cab6300000)]
  0x000002253c7baf90 JavaThread "Driver Service Executor" daemon [_thread_blocked, id=38860, stack(0x000000cab6300000,0x000000cab6400000)]
  0x000002253c7bb930 JavaThread "Driver Service Executor" daemon [_thread_blocked, id=18844, stack(0x000000cab6400000,0x000000cab6500000)]
  0x000002253c3aa210 JavaThread "HttpClient-26-SelectorManager" daemon [_thread_in_native, id=5204, stack(0x000000cab6a00000,0x000000cab6b00000)]
  0x000002253c3a8a00 JavaThread "External Process Output Forwarder - C:\Users\Misbha Ahmed\.cache\selenium\geckodriver\win64\0.36.0\geckodriver.exe" daemon [_thread_in_native, id=44708, stack(0x000000cab7000000,0x000000cab7100000)]
  0x000002253c3a6850 JavaThread "Driver Service Executor" daemon [_thread_blocked, id=22500, stack(0x000000cab7100000,0x000000cab7200000)]
  0x000002253c3ad700 JavaThread "Driver Service Executor" daemon [_thread_blocked, id=17708, stack(0x000000cab7200000,0x000000cab7300000)]
  0x000002253b6ab2a0 JavaThread "External Process Output Forwarder - C:\Users\Misbha Ahmed\.cache\selenium\geckodriver\win64\0.36.0\geckodriver.exe" daemon [_thread_in_native, id=39648, stack(0x000000cab1d00000,0x000000cab1e00000)]
  0x000002253b6abc40 JavaThread "Driver Service Executor" daemon [_thread_blocked, id=37904, stack(0x000000cab2000000,0x000000cab2100000)]
  0x000002253c7b58f0 JavaThread "Driver Service Executor" daemon [_thread_blocked, id=49492, stack(0x000000cab3200000,0x000000cab3300000)]
  0x000002253c7b45b0 JavaThread "HttpClient-28-SelectorManager" daemon [_thread_in_native, id=17528, stack(0x000000cab4b00000,0x000000cab4c00000)]
  0x000002253c7b8910 JavaThread "External Process Output Forwarder - C:\Users\Misbha Ahmed\.cache\selenium\geckodriver\win64\0.36.0\geckodriver.exe" daemon [_thread_in_native, id=18020, stack(0x000000cab5200000,0x000000cab5300000)]
  0x000002253c7b4f50 JavaThread "Driver Service Executor" daemon [_thread_blocked, id=42588, stack(0x000000cab5300000,0x000000cab5400000)]
  0x000002253c7b92b0 JavaThread "Driver Service Executor" daemon [_thread_blocked, id=38432, stack(0x000000cab5b00000,0x000000cab5c00000)]
  0x000002253c7bbe00 JavaThread "External Process Output Forwarder - C:\Users\Misbha Ahmed\.cache\selenium\geckodriver\win64\0.36.0\geckodriver.exe" daemon [_thread_in_native, id=36484, stack(0x000000cab6500000,0x000000cab6600000)]
  0x000002253beaea10 JavaThread "Driver Service Executor" daemon [_thread_blocked, id=11804, stack(0x000000cab6b00000,0x000000cab6c00000)]
  0x000002253beb1a30 JavaThread "Driver Service Executor" daemon [_thread_blocked, id=16488, stack(0x000000cab6c00000,0x000000cab6d00000)]
  0x000002253b6a8280 JavaThread "External Process Output Forwarder - C:\Users\Misbha Ahmed\.cache\selenium\geckodriver\win64\0.36.0\geckodriver.exe" daemon [_thread_in_native, id=36060, stack(0x000000cab3b00000,0x000000cab3c00000)]
  0x000002253b6a95c0 JavaThread "Driver Service Executor" daemon [_thread_blocked, id=21900, stack(0x000000cab4500000,0x000000cab4600000)]
  0x000002253b6a5c00 JavaThread "Driver Service Executor" daemon [_thread_blocked, id=13272, stack(0x000000cab4600000,0x000000cab4700000)]
  0x000002253c3adbd0 JavaThread "HttpClient-31-SelectorManager" daemon [_thread_in_native, id=11132, stack(0x000000cab1f00000,0x000000cab2000000)]
  0x000002253c7b5dc0 JavaThread "External Process Output Forwarder - C:\Users\Misbha Ahmed\.cache\selenium\geckodriver\win64\0.36.0\geckodriver.exe" daemon [_thread_in_native, id=4708, stack(0x000000cab5f00000,0x000000cab6000000)]
  0x000002253c7b6c30 JavaThread "Driver Service Executor" daemon [_thread_blocked, id=23744, stack(0x000000cab6000000,0x000000cab6100000)]
  0x000002253c7bb460 JavaThread "Driver Service Executor" daemon [_thread_blocked, id=45252, stack(0x000000cab6900000,0x000000cab6a00000)]
  0x000002253beb1f00 JavaThread "HttpClient-32-SelectorManager" daemon [_thread_in_native, id=14964, stack(0x000000cab1e00000,0x000000cab1f00000)]
  0x000002253beaeee0 JavaThread "External Process Output Forwarder - C:\Users\Misbha Ahmed\.cache\selenium\geckodriver\win64\0.36.0\geckodriver.exe" daemon [_thread_in_native, id=12348, stack(0x000000cab7300000,0x000000cab7400000)]
  0x000002253beb3240 JavaThread "Driver Service Executor" daemon [_thread_blocked, id=28380, stack(0x000000cab7400000,0x000000cab7500000)]
  0x000002253beaf880 JavaThread "Driver Service Executor" daemon [_thread_blocked, id=45032, stack(0x000000cab7500000,0x000000cab7600000)]
  0x000002253d0d5b90 JavaThread "HttpClient-33-SelectorManager" daemon [_thread_in_native, id=41496, stack(0x000000cab7900000,0x000000cab7a00000)]
  0x000002253d0d3510 JavaThread "External Process Output Forwarder - C:\Users\Misbha Ahmed\.cache\selenium\geckodriver\win64\0.36.0\geckodriver.exe" daemon [_thread_in_native, id=1608, stack(0x000000cab7a00000,0x000000cab7b00000)]
  0x000002253c3a9d40 JavaThread "Driver Service Executor" daemon [_thread_blocked, id=9812, stack(0x000000cab7b00000,0x000000cab7c00000)]
  0x000002253c3a8060 JavaThread "Driver Service Executor" daemon [_thread_blocked, id=48772, stack(0x000000cab7c00000,0x000000cab7d00000)]
  0x000002253ac9e500 JavaThread "HttpClient-34-SelectorManager" daemon [_thread_in_native, id=6816, stack(0x000000cab1b00000,0x000000cab1c00000)]
  0x000002253ac9b9b0 JavaThread "External Process Output Forwarder - C:\Users\Misbha Ahmed\.cache\selenium\geckodriver\win64\0.36.0\geckodriver.exe" daemon [_thread_in_native, id=31756, stack(0x000000cab6e00000,0x000000cab6f00000)]
  0x000002253ac9ccf0 JavaThread "Driver Service Executor" daemon [_thread_blocked, id=5872, stack(0x000000cab6f00000,0x000000cab7000000)]
  0x000002253ac9d690 JavaThread "Driver Service Executor" daemon [_thread_blocked, id=144, stack(0x000000cab8000000,0x000000cab8100000)]
  0x000002253ac9b010 JavaThread "HttpClient-35-SelectorManager" daemon [_thread_in_native, id=12364, stack(0x000000cab7600000,0x000000cab7700000)]
  0x000002253ac9c820 JavaThread "External Process Output Forwarder - C:\Users\Misbha Ahmed\.cache\selenium\geckodriver\win64\0.36.0\geckodriver.exe" daemon [_thread_in_native, id=12112, stack(0x000000cab7700000,0x000000cab7800000)]
  0x000002253ac9d1c0 JavaThread "Driver Service Executor" daemon [_thread_blocked, id=9364, stack(0x000000cab7800000,0x000000cab7900000)]
  0x000002253ac9db60 JavaThread "Driver Service Executor" daemon [_thread_blocked, id=5820, stack(0x000000cab8400000,0x000000cab8500000)]
  0x000002253c7b9c50 JavaThread "JdkHttpClient-34-0" daemon [_thread_blocked, id=36576, stack(0x000000cab8500000,0x000000cab8600000)]

Other Threads:
  0x00000225362937e0 VMThread "VM Thread" [stack: 0x000000cab0500000,0x000000cab0600000] [id=20512]
  0x000002253aeaaaa0 WatcherThread "VM Periodic Task Thread" [stack: 0x000000cab1200000,0x000000cab1300000] [id=2460]
  0x0000022517e0c260 WorkerThread "GC Thread#0" [stack: 0x000000cab0000000,0x000000cab0100000] [id=1852]
  0x000002253bf32d90 WorkerThread "GC Thread#1" [stack: 0x000000cab1400000,0x000000cab1500000] [id=15032]
  0x000002253bf33440 WorkerThread "GC Thread#2" [stack: 0x000000cab1500000,0x000000cab1600000] [id=42128]
  0x000002253c004c50 WorkerThread "GC Thread#3" [stack: 0x000000cab1600000,0x000000cab1700000] [id=13520]
  0x000002253c005510 WorkerThread "GC Thread#4" [stack: 0x000000cab1700000,0x000000cab1800000] [id=29332]
  0x000002253c0057b0 WorkerThread "GC Thread#5" [stack: 0x000000cab1800000,0x000000cab1900000] [id=33696]
  0x000002253c005a50 WorkerThread "GC Thread#6" [stack: 0x000000cab1900000,0x000000cab1a00000] [id=19676]
  0x000002253ccc1aa0 WorkerThread "GC Thread#7" [stack: 0x000000cab1a00000,0x000000cab1b00000] [id=42584]
  0x0000022517e1e730 ConcurrentGCThread "G1 Main Marker" [stack: 0x000000cab0100000,0x000000cab0200000] [id=10872]
  0x0000022517e1f970 WorkerThread "G1 Conc#0" [stack: 0x000000cab0200000,0x000000cab0300000] [id=4828]
  0x000002253ccc0060 WorkerThread "G1 Conc#1" [stack: 0x000000cab2c00000,0x000000cab2d00000] [id=36376]
  0x0000022517e52bb0 ConcurrentGCThread "G1 Refine#0" [stack: 0x000000cab0300000,0x000000cab0400000] [id=23720]
  0x0000022517e54370 ConcurrentGCThread "G1 Service" [stack: 0x000000cab0400000,0x000000cab0500000] [id=45496]

Threads with active compile tasks:
C2 CompilerThread0   740272 4914   !   4       sun.nio.ch.WEPollSelectorImpl::doSelect (107 bytes)

VM state: not at safepoint (normal execution)

VM Mutex/Monitor currently owned by a thread: None

Heap address: 0x0000000083a00000, size: 1990 MB, Compressed Oops mode: 32-bit

CDS archive(s) mapped at: [0x0000000800000000-0x0000000800ba0000-0x0000000800ba0000), size 12189696, SharedBaseAddress: 0x0000000800000000, ArchiveRelocationMode: 0.
Compressed class space mapped at: 0x0000000800c00000-0x0000000840c00000, reserved size: 1073741824
Narrow klass base: 0x0000000800000000, Narrow klass shift: 0, Narrow klass range: 0x100000000

GC Precious Log:
 CardTable entry size: 512
 Card Set container configuration: InlinePtr #cards 5 size 8 Array Of Cards #cards 12 size 40 Howl #buckets 4 coarsen threshold 1843 Howl Bitmap #cards 512 size 80 coarsen threshold 460 Card regions per heap region 1 cards per card region 2048
 CPUs: 8 total, 8 available
 Memory: 7955M
 Large Page Support: Disabled
 NUMA Support: Disabled
 Compressed Oops: Enabled (32-bit)
 Heap Region Size: 1M
 Heap Min Capacity: 8M
 Heap Initial Capacity: 126M
 Heap Max Capacity: 1990M
 Pre-touch: Disabled
 Parallel Workers: 8
 Concurrent Workers: 2
 Concurrent Refinement Workers: 8
 Periodic GC: Disabled

Heap:
 garbage-first heap   total 48128K, used 17957K [0x0000000083a00000, 0x0000000100000000)
  region size 1024K, 7 young (7168K), 2 survivors (2048K)
 Metaspace       used 21830K, committed 22272K, reserved 1114112K
  class space    used 2363K, committed 2560K, reserved 1048576K

Heap Regions: E=young(eden), S=young(survivor), O=old, HS=humongous(starts), HC=humongous(continues), CS=collection set, F=free, OA=open archive, CA=closed archive, TAMS=top-at-mark-start (previous, next)
|   0|0x0000000083a00000, 0x0000000083b00000, 0x0000000083b00000|100%|HS|  |TAMS 0x0000000083b00000, 0x0000000083a00000| Complete 
|   1|0x0000000083b00000, 0x0000000083c00000, 0x0000000083c00000|100%| O|  |TAMS 0x0000000083c00000, 0x0000000083b00000| Untracked 
|   2|0x0000000083c00000, 0x0000000083d00000, 0x0000000083d00000|100%| O|  |TAMS 0x0000000083d00000, 0x0000000083c00000| Untracked 
|   3|0x0000000083d00000, 0x0000000083e00000, 0x0000000083e00000|100%| O|  |TAMS 0x0000000083e00000, 0x0000000083d00000| Untracked 
|   4|0x0000000083e00000, 0x0000000083f00000, 0x0000000083f00000|100%| O|  |TAMS 0x0000000083f00000, 0x0000000083e00000| Untracked 
|   5|0x0000000083f00000, 0x0000000084000000, 0x0000000084000000|100%| O|  |TAMS 0x0000000083f11600, 0x0000000083f00000| Untracked 
|   6|0x0000000084000000, 0x0000000084100000, 0x0000000084100000|100%| O|  |TAMS 0x0000000084000000, 0x0000000084000000| Untracked 
|   7|0x0000000084100000, 0x0000000084100000, 0x0000000084200000|  0%| F|  |TAMS 0x0000000084100000, 0x0000000084100000| Untracked 
|   8|0x0000000084200000, 0x0000000084300000, 0x0000000084300000|100%| O|  |TAMS 0x0000000084200000, 0x0000000084200000| Untracked 
|   9|0x0000000084300000, 0x0000000084400000, 0x0000000084400000|100%| O|  |TAMS 0x0000000084300000, 0x0000000084300000| Untracked 
|  10|0x0000000084400000, 0x0000000084500000, 0x0000000084500000|100%| O|  |TAMS 0x0000000084400000, 0x0000000084400000| Untracked 
|  11|0x0000000084500000, 0x0000000084600000, 0x0000000084600000|100%| O|  |TAMS 0x0000000084500000, 0x0000000084500000| Untracked 
|  12|0x0000000084600000, 0x0000000084700000, 0x0000000084700000|100%| O|  |TAMS 0x0000000084600000, 0x0000000084600000| Untracked 
|  13|0x0000000084700000, 0x0000000084792200, 0x0000000084800000| 57%| O|  |TAMS 0x0000000084700000, 0x0000000084700000| Untracked 
|  14|0x0000000084800000, 0x0000000084800000, 0x0000000084900000|  0%| F|  |TAMS 0x0000000084800000, 0x0000000084800000| Untracked 
|  15|0x0000000084900000, 0x0000000084900000, 0x0000000084a00000|  0%| F|  |TAMS 0x0000000084900000, 0x0000000084900000| Untracked 
|  16|0x0000000084a00000, 0x0000000084a00000, 0x0000000084b00000|  0%| F|  |TAMS 0x0000000084a00000, 0x0000000084a00000| Untracked 
|  17|0x0000000084b00000, 0x0000000084b00000, 0x0000000084c00000|  0%| F|  |TAMS 0x0000000084b00000, 0x0000000084b00000| Untracked 
|  18|0x0000000084c00000, 0x0000000084c00000, 0x0000000084d00000|  0%| F|  |TAMS 0x0000000084c00000, 0x0000000084c00000| Untracked 
|  19|0x0000000084d00000, 0x0000000084d00000, 0x0000000084e00000|  0%| F|  |TAMS 0x0000000084d00000, 0x0000000084d00000| Untracked 
|  20|0x0000000084e00000, 0x0000000084e00000, 0x0000000084f00000|  0%| F|  |TAMS 0x0000000084e00000, 0x0000000084e00000| Untracked 
|  21|0x0000000084f00000, 0x0000000084f00000, 0x0000000085000000|  0%| F|  |TAMS 0x0000000084f00000, 0x0000000084f00000| Untracked 
|  22|0x0000000085000000, 0x0000000085000000, 0x0000000085100000|  0%| F|  |TAMS 0x0000000085000000, 0x0000000085000000| Untracked 
|  23|0x0000000085100000, 0x00000000851f7540, 0x0000000085200000| 96%| S|CS|TAMS 0x0000000085100000, 0x0000000085100000| Complete 
|  24|0x0000000085200000, 0x0000000085300000, 0x0000000085300000|100%| S|CS|TAMS 0x0000000085200000, 0x0000000085200000| Complete 
|  25|0x0000000085300000, 0x0000000085300000, 0x0000000085400000|  0%| F|  |TAMS 0x0000000085300000, 0x0000000085300000| Untracked 
|  26|0x0000000085400000, 0x0000000085400000, 0x0000000085500000|  0%| F|  |TAMS 0x0000000085400000, 0x0000000085400000| Untracked 
|  27|0x0000000085500000, 0x0000000085500000, 0x0000000085600000|  0%| F|  |TAMS 0x0000000085500000, 0x0000000085500000| Untracked 
|  28|0x0000000085600000, 0x0000000085600000, 0x0000000085700000|  0%| F|  |TAMS 0x0000000085600000, 0x0000000085600000| Untracked 
|  29|0x0000000085700000, 0x0000000085700000, 0x0000000085800000|  0%| F|  |TAMS 0x0000000085700000, 0x0000000085700000| Untracked 
|  30|0x0000000085800000, 0x0000000085800000, 0x0000000085900000|  0%| F|  |TAMS 0x0000000085800000, 0x0000000085800000| Untracked 
|  31|0x0000000085900000, 0x0000000085900000, 0x0000000085a00000|  0%| F|  |TAMS 0x0000000085900000, 0x0000000085900000| Untracked 
|  32|0x0000000085a00000, 0x0000000085a00000, 0x0000000085b00000|  0%| F|  |TAMS 0x0000000085a00000, 0x0000000085a00000| Untracked 
|  33|0x0000000085b00000, 0x0000000085b00000, 0x0000000085c00000|  0%| F|  |TAMS 0x0000000085b00000, 0x0000000085b00000| Untracked 
|  34|0x0000000085c00000, 0x0000000085c00000, 0x0000000085d00000|  0%| F|  |TAMS 0x0000000085c00000, 0x0000000085c00000| Untracked 
|  35|0x0000000085d00000, 0x0000000085d00000, 0x0000000085e00000|  0%| F|  |TAMS 0x0000000085d00000, 0x0000000085d00000| Untracked 
|  36|0x0000000085e00000, 0x0000000085e00000, 0x0000000085f00000|  0%| F|  |TAMS 0x0000000085e00000, 0x0000000085e00000| Untracked 
|  37|0x0000000085f00000, 0x0000000085f00000, 0x0000000086000000|  0%| F|  |TAMS 0x0000000085f00000, 0x0000000085f00000| Untracked 
|  38|0x0000000086000000, 0x0000000086000000, 0x0000000086100000|  0%| F|  |TAMS 0x0000000086000000, 0x0000000086000000| Untracked 
|  39|0x0000000086100000, 0x0000000086100000, 0x0000000086200000|  0%| F|  |TAMS 0x0000000086100000, 0x0000000086100000| Untracked 
|  40|0x0000000086200000, 0x0000000086200000, 0x0000000086300000|  0%| F|  |TAMS 0x0000000086200000, 0x0000000086200000| Untracked 
| 108|0x000000008a600000, 0x000000008a600000, 0x000000008a700000|  0%| F|  |TAMS 0x000000008a600000, 0x000000008a600000| Untracked 
| 109|0x000000008a700000, 0x000000008a7916e0, 0x000000008a800000| 56%| E|  |TAMS 0x000000008a700000, 0x000000008a700000| Complete 
| 110|0x000000008a800000, 0x000000008a900000, 0x000000008a900000|100%| E|CS|TAMS 0x000000008a800000, 0x000000008a800000| Complete 
| 111|0x000000008a900000, 0x000000008aa00000, 0x000000008aa00000|100%| E|  |TAMS 0x000000008a900000, 0x000000008a900000| Complete 
| 112|0x000000008aa00000, 0x000000008ab00000, 0x000000008ab00000|100%| E|CS|TAMS 0x000000008aa00000, 0x000000008aa00000| Complete 
| 125|0x000000008b700000, 0x000000008b800000, 0x000000008b800000|100%| E|CS|TAMS 0x000000008b700000, 0x000000008b700000| Complete 

Card table byte_map: [0x000002252f830000,0x000002252fc20000] _byte_map_base: 0x000002252f413000

Marking Bits (Prev, Next): (CMBitMap*) 0x0000022517e0d8b0, (CMBitMap*) 0x0000022517e0d870
 Prev Bits: [0x0000022531f30000, 0x0000022533e48000)
 Next Bits: [0x0000022530010000, 0x0000022531f28000)

Polling page: 0x0000022517e60000

Metaspace:

Usage:
  Non-class:     19.01 MB used.
      Class:      2.31 MB used.
       Both:     21.32 MB used.

Virtual space:
  Non-class space:       64.00 MB reserved,      19.25 MB ( 30%) committed,  1 nodes.
      Class space:        1.00 GB reserved,       2.50 MB ( <1%) committed,  1 nodes.
             Both:        1.06 GB reserved,      21.75 MB (  2%) committed. 

Chunk freelists:
   Non-Class:  175.00 KB
       Class:  1.47 MB
        Both:  1.64 MB

MaxMetaspaceSize: unlimited
CompressedClassSpaceSize: 1.00 GB
Initial GC threshold: 21.00 MB
Current GC threshold: 35.13 MB
CDS: on
MetaspaceReclaimPolicy: balanced
 - commit_granule_bytes: 65536.
 - commit_granule_words: 8192.
 - virtual_space_node_default_size: 8388608.
 - enlarge_chunks_in_place: 1.
 - new_chunks_are_fully_committed: 0.
 - uncommit_free_chunks: 1.
 - use_allocation_guard: 0.


Internal statistics:

num_allocs_failed_limit: 3.
num_arena_births: 418.
num_arena_deaths: 0.
num_vsnodes_births: 2.
num_vsnodes_deaths: 0.
num_space_committed: 348.
num_space_uncommitted: 0.
num_chunks_returned_to_freelist: 3.
num_chunks_taken_from_freelist: 906.
num_chunk_merges: 3.
num_chunk_splits: 537.
num_chunks_enlarged: 321.
num_inconsistent_stats: 0.

CodeHeap 'non-profiled nmethods': size=120000Kb used=1908Kb max_used=1908Kb free=118091Kb
 bounds [0x0000022527490000, 0x0000022527700000, 0x000002252e9c0000]
CodeHeap 'profiled nmethods': size=120000Kb used=9842Kb max_used=9842Kb free=110157Kb
 bounds [0x000002251ff60000, 0x0000022520900000, 0x0000022527490000]
CodeHeap 'non-nmethods': size=5760Kb used=1271Kb max_used=1303Kb free=4488Kb
 bounds [0x000002251f9c0000, 0x000002251fc30000, 0x000002251ff60000]
 total_blobs=5438 nmethods=4880 adapters=470
 compilation: enabled
              stopped_count=0, restarted_count=0
 full_count=0

Compilation events (20 events):
Event: 650.747 Thread 0x00000225362bee30 4906       3       java.math.BigDecimal::longValue (56 bytes)
Event: 650.797 Thread 0x00000225362bee30 nmethod 4906 0x00000225208fa990 code [0x00000225208fabc0, 0x00000225208fb1c8]
Event: 650.853 Thread 0x00000225362c0ad0 nmethod 4901 0x0000022527668f10 code [0x00000225276690e0, 0x0000022527669990]
Event: 650.853 Thread 0x00000225362c0ad0 4902   !   4       org.openqa.selenium.json.JsonOutput::lambda$new$1 (25 bytes)
Event: 650.872 Thread 0x00000225362c0ad0 nmethod 4902 0x0000022527669e90 code [0x000002252766a060, 0x000002252766a8d0]
Event: 650.873 Thread 0x00000225362c0ad0 4907       4       jdk.internal.net.http.common.SequentialScheduler::runOrSchedule (100 bytes)
Event: 650.918 Thread 0x00000225362c0ad0 nmethod 4907 0x000002252766ad90 code [0x000002252766af80, 0x000002252766b3e8]
Event: 651.021 Thread 0x00000225362bee30 4908       3       sun.nio.ch.Util$BufferCache::removeFirst (65 bytes)
Event: 651.022 Thread 0x00000225362bee30 nmethod 4908 0x00000225208fb410 code [0x00000225208fb5c0, 0x00000225208fb938]
Event: 651.022 Thread 0x00000225362bee30 4909       3       sun.nio.ch.Util::free (13 bytes)
Event: 651.022 Thread 0x00000225362bee30 nmethod 4909 0x00000225208fba90 code [0x00000225208fbc40, 0x00000225208fbf38]
Event: 651.066 Thread 0x00000225362bee30 4910   !   3       jdk.internal.ref.Cleaner::clean (35 bytes)
Event: 651.072 Thread 0x00000225362bee30 nmethod 4910 0x00000225208fc090 code [0x00000225208fc2a0, 0x00000225208fc888]
Event: 715.230 Thread 0x00000225362c0ad0 4911       4       java.util.HashMap::clear (50 bytes)
Event: 715.274 Thread 0x00000225362c0ad0 nmethod 4911 0x000002252766b990 code [0x000002252766bb00, 0x000002252766bd78]
Event: 732.632 Thread 0x00000225362c0ad0 4912       4       java.util.HashSet::clear (8 bytes)
Event: 732.642 Thread 0x00000225362c0ad0 nmethod 4912 0x000002252766be10 code [0x000002252766bfa0, 0x000002252766c258]
Event: 733.468 Thread 0x00000225362c0ad0 4913       4       sun.nio.ch.WEPollSelectorImpl::processEvents (152 bytes)
Event: 733.507 Thread 0x00000225362c0ad0 nmethod 4913 0x000002252766c390 code [0x000002252766c560, 0x000002252766cdb0]
Event: 736.248 Thread 0x00000225362c0ad0 4914   !   4       sun.nio.ch.WEPollSelectorImpl::doSelect (107 bytes)

GC Heap History (14 events):
Event: 0.850 GC heap before
{Heap before GC invocations=0 (full 0):
 garbage-first heap   total 129024K, used 23552K [0x0000000083a00000, 0x0000000100000000)
  region size 1024K, 23 young (23552K), 0 survivors (0K)
 Metaspace       used 7618K, committed 7872K, reserved 1114112K
  class space    used 773K, committed 896K, reserved 1048576K
}
Event: 0.856 GC heap after
{Heap after GC invocations=1 (full 0):
 garbage-first heap   total 129024K, used 5163K [0x0000000083a00000, 0x0000000100000000)
  region size 1024K, 3 young (3072K), 3 survivors (3072K)
 Metaspace       used 7618K, committed 7872K, reserved 1114112K
  class space    used 773K, committed 896K, reserved 1048576K
}
Event: 1.958 GC heap before
{Heap before GC invocations=1 (full 0):
 garbage-first heap   total 129024K, used 35883K [0x0000000083a00000, 0x0000000100000000)
  region size 1024K, 33 young (33792K), 3 survivors (3072K)
 Metaspace       used 13687K, committed 14016K, reserved 1114112K
  class space    used 1511K, committed 1664K, reserved 1048576K
}
Event: 1.964 GC heap after
{Heap after GC invocations=2 (full 0):
 garbage-first heap   total 129024K, used 7818K [0x0000000083a00000, 0x0000000100000000)
  region size 1024K, 3 young (3072K), 3 survivors (3072K)
 Metaspace       used 13687K, committed 14016K, reserved 1114112K
  class space    used 1511K, committed 1664K, reserved 1048576K
}
Event: 97.091 GC heap before
{Heap before GC invocations=2 (full 0):
 garbage-first heap   total 129024K, used 81546K [0x0000000083a00000, 0x0000000100000000)
  region size 1024K, 75 young (76800K), 3 survivors (3072K)
 Metaspace       used 21112K, committed 21440K, reserved 1114112K
  class space    used 2333K, committed 2496K, reserved 1048576K
}
Event: 97.127 GC heap after
{Heap after GC invocations=3 (full 0):
 garbage-first heap   total 129024K, used 12507K [0x0000000083a00000, 0x0000000100000000)
  region size 1024K, 8 young (8192K), 8 survivors (8192K)
 Metaspace       used 21112K, committed 21440K, reserved 1114112K
  class space    used 2333K, committed 2496K, reserved 1048576K
}
Event: 141.756 GC heap before
{Heap before GC invocations=3 (full 0):
 garbage-first heap   total 129024K, used 24795K [0x0000000083a00000, 0x0000000100000000)
  region size 1024K, 21 young (21504K), 8 survivors (8192K)
 Metaspace       used 21201K, committed 21504K, reserved 1114112K
  class space    used 2335K, committed 2496K, reserved 1048576K
}
Event: 141.826 GC heap after
{Heap after GC invocations=4 (full 0):
 garbage-first heap   total 129024K, used 12167K [0x0000000083a00000, 0x0000000100000000)
  region size 1024K, 5 young (5120K), 5 survivors (5120K)
 Metaspace       used 21201K, committed 21504K, reserved 1114112K
  class space    used 2335K, committed 2496K, reserved 1048576K
}
Event: 312.515 GC heap before
{Heap before GC invocations=5 (full 0):
 garbage-first heap   total 48128K, used 34695K [0x0000000083a00000, 0x0000000100000000)
  region size 1024K, 28 young (28672K), 5 survivors (5120K)
 Metaspace       used 21543K, committed 21952K, reserved 1114112K
  class space    used 2357K, committed 2560K, reserved 1048576K
}
Event: 312.688 GC heap after
{Heap after GC invocations=6 (full 0):
 garbage-first heap   total 48128K, used 13879K [0x0000000083a00000, 0x0000000100000000)
  region size 1024K, 3 young (3072K), 3 survivors (3072K)
 Metaspace       used 21543K, committed 21952K, reserved 1114112K
  class space    used 2357K, committed 2560K, reserved 1048576K
}
Event: 313.535 GC heap before
{Heap before GC invocations=6 (full 0):
 garbage-first heap   total 48128K, used 14903K [0x0000000083a00000, 0x0000000100000000)
  region size 1024K, 4 young (4096K), 3 survivors (3072K)
 Metaspace       used 21603K, committed 22016K, reserved 1114112K
  class space    used 2359K, committed 2560K, reserved 1048576K
}
Event: 313.548 GC heap after
{Heap after GC invocations=7 (full 0):
 garbage-first heap   total 48128K, used 13444K [0x0000000083a00000, 0x0000000100000000)
  region size 1024K, 1 young (1024K), 1 survivors (1024K)
 Metaspace       used 21603K, committed 22016K, reserved 1114112K
  class space    used 2359K, committed 2560K, reserved 1048576K
}
Event: 584.214 GC heap before
{Heap before GC invocations=7 (full 0):
 garbage-first heap   total 48128K, used 33924K [0x0000000083a00000, 0x0000000100000000)
  region size 1024K, 22 young (22528K), 1 survivors (1024K)
 Metaspace       used 21803K, committed 22144K, reserved 1114112K
  class space    used 2363K, committed 2560K, reserved 1048576K
}
Event: 584.573 GC heap after
{Heap after GC invocations=8 (full 0):
 garbage-first heap   total 48128K, used 14885K [0x0000000083a00000, 0x0000000100000000)
  region size 1024K, 2 young (2048K), 2 survivors (2048K)
 Metaspace       used 21803K, committed 22144K, reserved 1114112K
  class space    used 2363K, committed 2560K, reserved 1048576K
}

Deoptimization events (20 events):
Event: 312.394 Thread 0x0000022517da80a0 Uncommon trap: trap_request=0xffffff45 fr.pc=0x000002252751d658 relative=0x0000000000000238
Event: 312.408 Thread 0x0000022517da80a0 Uncommon trap: reason=unstable_if action=reinterpret pc=0x000002252751d658 method=java.util.HashMap$HashIterator.<init>(Ljava/util/HashMap;)V @ 45 c2
Event: 312.408 Thread 0x0000022517da80a0 DEOPT PACKING pc=0x000002252751d658 sp=0x000000caafffdce0
Event: 312.409 Thread 0x0000022517da80a0 DEOPT UNPACKING pc=0x000002251fa15c23 sp=0x000000caafffdbc8 mode 2
Event: 312.431 Thread 0x0000022517da80a0 Uncommon trap: trap_request=0xffffff45 fr.pc=0x00000225275d0778 relative=0x0000000000000358
Event: 312.431 Thread 0x0000022517da80a0 Uncommon trap: reason=unstable_if action=reinterpret pc=0x00000225275d0778 method=java.lang.Class.searchMethods([Ljava/lang/reflect/Method;Ljava/lang/String;[Ljava/lang/Class;)Ljava/lang/reflect/Method; @ 41 c2
Event: 312.431 Thread 0x0000022517da80a0 DEOPT PACKING pc=0x00000225275d0778 sp=0x000000caafffc830
Event: 312.435 Thread 0x0000022517da80a0 DEOPT UNPACKING pc=0x000002251fa15c23 sp=0x000000caafffc7b8 mode 2
Event: 313.038 Thread 0x0000022517da80a0 Uncommon trap: trap_request=0xffffff45 fr.pc=0x0000022527501a5c relative=0x000000000000033c
Event: 313.038 Thread 0x0000022517da80a0 Uncommon trap: reason=unstable_if action=reinterpret pc=0x0000022527501a5c method=java.util.HashMap$HashIterator.<init>(Ljava/util/HashMap;)V @ 45 c2
Event: 313.039 Thread 0x0000022517da80a0 DEOPT PACKING pc=0x0000022527501a5c sp=0x000000caafffdc90
Event: 313.039 Thread 0x0000022517da80a0 DEOPT UNPACKING pc=0x000002251fa15c23 sp=0x000000caafffdc48 mode 2
Event: 514.521 Thread 0x0000022517da80a0 DEOPT PACKING pc=0x000002252047f87e sp=0x000000caafffda20
Event: 514.536 Thread 0x0000022517da80a0 DEOPT UNPACKING pc=0x000002251fa16763 sp=0x000000caafffce78 mode 0
Event: 541.171 Thread 0x0000022517da80a0 DEOPT PACKING pc=0x00000225203ffc39 sp=0x000000caafffca80
Event: 541.201 Thread 0x0000022517da80a0 DEOPT UNPACKING pc=0x000002251fa16763 sp=0x000000caafffbf80 mode 0
Event: 555.634 Thread 0x0000022517da80a0 Uncommon trap: trap_request=0xffffff45 fr.pc=0x0000022527627e10 relative=0x00000000000000f0
Event: 555.634 Thread 0x0000022517da80a0 Uncommon trap: reason=unstable_if action=reinterpret pc=0x0000022527627e10 method=java.util.Arrays.equals([Ljava/lang/Object;[Ljava/lang/Object;)Z @ 23 c2
Event: 555.638 Thread 0x0000022517da80a0 DEOPT PACKING pc=0x0000022527627e10 sp=0x000000caafffcb70
Event: 555.638 Thread 0x0000022517da80a0 DEOPT UNPACKING pc=0x000002251fa15c23 sp=0x000000caafffcaf8 mode 2

Classes loaded (20 events):
Event: 312.409 Loading class org/openqa/selenium/interactions/Actions$BuiltAction
Event: 312.409 Loading class org/openqa/selenium/interactions/Actions$BuiltAction done
Event: 312.976 Loading class org/openqa/selenium/interactions/WheelInput$ScrollOrigin
Event: 312.976 Loading class org/openqa/selenium/interactions/WheelInput$ScrollOrigin done
Event: 312.988 Loading class org/openqa/selenium/interactions/InputSource
Event: 312.988 Loading class org/openqa/selenium/interactions/InputSource done
Event: 312.991 Loading class org/openqa/selenium/interactions/WheelInput
Event: 312.991 Loading class org/openqa/selenium/interactions/WheelInput done
Event: 313.021 Loading class org/openqa/selenium/interactions/WheelInput$ScrollInteraction
Event: 313.021 Loading class org/openqa/selenium/interactions/WheelInput$ScrollInteraction done
Event: 406.798 Loading class HyrAlert
Event: 406.802 Loading class HyrAlert done
Event: 410.912 Loading class org/openqa/selenium/remote/RemoteWebDriver$RemoteAlert
Event: 410.912 Loading class org/openqa/selenium/remote/RemoteWebDriver$RemoteAlert done
Event: 549.259 Loading class FooterSection
Event: 549.380 Loading class FooterSection done
Event: 552.977 Loading class org/openqa/selenium/support/pagefactory/internal/LocatingElementListHandler
Event: 552.977 Loading class org/openqa/selenium/support/pagefactory/internal/LocatingElementListHandler done
Event: 556.688 Loading class org/openqa/selenium/remote/CommandPayload
Event: 556.688 Loading class org/openqa/selenium/remote/CommandPayload done

Classes unloaded (0 events):
No events

Classes redefined (1 events):
Event: 0.181 Thread 0x00000225362937e0 redefined class name=java.lang.Throwable, count=1

Internal exceptions (20 events):
Event: 650.636 Thread 0x000002253ac9d1c0 Exception <a 'java/net/ConnectException'{0x000000008a717d50}: Connection refused: no further information> (0x000000008a717d50) 
thrown [s\src\hotspot\share\prims\jni.cpp, line 535]
Event: 650.636 Thread 0x000002253ac9d1c0 Exception <a 'java/net/SocketException'{0x000000008a7180e8}: Socket is not connected: shutdown> (0x000000008a7180e8) 
thrown [s\src\hotspot\share\prims\jni.cpp, line 535]
Event: 650.637 Thread 0x000002253ac9d1c0 Exception <a 'java/net/ConnectException'{0x000000008a7189a8}: Connection refused: no further information> (0x000000008a7189a8) 
thrown [s\src\hotspot\share\prims\jni.cpp, line 535]
Event: 650.639 Thread 0x000002253ac9d1c0 Exception <a 'java/net/SocketException'{0x000000008a718d40}: Socket is not connected: shutdown> (0x000000008a718d40) 
thrown [s\src\hotspot\share\prims\jni.cpp, line 535]
Event: 650.641 Thread 0x000002253ac9d1c0 Exception <a 'java/net/ConnectException'{0x000000008a719600}: Connection refused: no further information> (0x000000008a719600) 
thrown [s\src\hotspot\share\prims\jni.cpp, line 535]
Event: 650.641 Thread 0x000002253ac9d1c0 Exception <a 'java/net/SocketException'{0x000000008a719be0}: Socket is not connected: shutdown> (0x000000008a719be0) 
thrown [s\src\hotspot\share\prims\jni.cpp, line 535]
Event: 650.642 Thread 0x000002253ac9d1c0 Exception <a 'java/net/ConnectException'{0x000000008a71a4a0}: Connection refused: no further information> (0x000000008a71a4a0) 
thrown [s\src\hotspot\share\prims\jni.cpp, line 535]
Event: 650.642 Thread 0x000002253ac9d1c0 Exception <a 'java/net/SocketException'{0x000000008a71a838}: Socket is not connected: shutdown> (0x000000008a71a838) 
thrown [s\src\hotspot\share\prims\jni.cpp, line 535]
Event: 650.643 Thread 0x000002253ac9d1c0 Exception <a 'java/net/ConnectException'{0x000000008a71b0f8}: Connection refused: no further information> (0x000000008a71b0f8) 
thrown [s\src\hotspot\share\prims\jni.cpp, line 535]
Event: 650.643 Thread 0x000002253ac9d1c0 Exception <a 'java/net/SocketException'{0x000000008a71b490}: Socket is not connected: shutdown> (0x000000008a71b490) 
thrown [s\src\hotspot\share\prims\jni.cpp, line 535]
Event: 650.650 Thread 0x000002253ac9d1c0 Exception <a 'java/net/ConnectException'{0x000000008a71bf90}: Connection refused: no further information> (0x000000008a71bf90) 
thrown [s\src\hotspot\share\prims\jni.cpp, line 535]
Event: 650.651 Thread 0x000002253ac9d1c0 Exception <a 'java/net/SocketException'{0x000000008a71c328}: Socket is not connected: shutdown> (0x000000008a71c328) 
thrown [s\src\hotspot\share\prims\jni.cpp, line 535]
Event: 650.652 Thread 0x000002253ac9d1c0 Exception <a 'java/net/ConnectException'{0x000000008a71cbe8}: Connection refused: no further information> (0x000000008a71cbe8) 
thrown [s\src\hotspot\share\prims\jni.cpp, line 535]
Event: 650.663 Thread 0x000002253ac9d1c0 Exception <a 'java/net/SocketException'{0x000000008a71cf80}: Socket is not connected: shutdown> (0x000000008a71cf80) 
thrown [s\src\hotspot\share\prims\jni.cpp, line 535]
Event: 650.665 Thread 0x000002253ac9d1c0 Exception <a 'java/net/ConnectException'{0x000000008a71d840}: Connection refused: no further information> (0x000000008a71d840) 
thrown [s\src\hotspot\share\prims\jni.cpp, line 535]
Event: 650.676 Thread 0x000002253ac9d1c0 Exception <a 'java/net/SocketException'{0x000000008a71de30}: Socket is not connected: shutdown> (0x000000008a71de30) 
thrown [s\src\hotspot\share\prims\jni.cpp, line 535]
Event: 650.678 Thread 0x000002253ac9d1c0 Exception <a 'java/net/ConnectException'{0x000000008a71e6f0}: Connection refused: no further information> (0x000000008a71e6f0) 
thrown [s\src\hotspot\share\prims\jni.cpp, line 535]
Event: 650.678 Thread 0x000002253ac9d1c0 Exception <a 'java/net/SocketException'{0x000000008a71ea88}: Socket is not connected: shutdown> (0x000000008a71ea88) 
thrown [s\src\hotspot\share\prims\jni.cpp, line 535]
Event: 650.679 Thread 0x000002253ac9d1c0 Exception <a 'java/net/ConnectException'{0x000000008a71f348}: Connection refused: no further information> (0x000000008a71f348) 
thrown [s\src\hotspot\share\prims\jni.cpp, line 535]
Event: 650.699 Thread 0x000002253ac9d1c0 Exception <a 'java/net/SocketException'{0x000000008a71f6e0}: Socket is not connected: shutdown> (0x000000008a71f6e0) 
thrown [s\src\hotspot\share\prims\jni.cpp, line 535]

VM Operations (20 events):
Event: 557.997 Executing VM operation: Cleanup
Event: 557.999 Executing VM operation: Cleanup done
Event: 584.176 Executing VM operation: G1CollectForAllocation
Event: 584.576 Executing VM operation: G1CollectForAllocation done
Event: 586.580 Executing VM operation: Cleanup
Event: 586.911 Executing VM operation: Cleanup done
Event: 626.219 Executing VM operation: Cleanup
Event: 626.226 Executing VM operation: Cleanup done
Event: 639.356 Executing VM operation: Cleanup
Event: 639.357 Executing VM operation: Cleanup done
Event: 640.366 Executing VM operation: Cleanup
Event: 640.460 Executing VM operation: Cleanup done
Event: 650.544 Executing VM operation: Cleanup
Event: 650.565 Executing VM operation: Cleanup done
Event: 651.574 Executing VM operation: Cleanup
Event: 651.574 Executing VM operation: Cleanup done
Event: 716.169 Executing VM operation: Cleanup
Event: 716.173 Executing VM operation: Cleanup done
Event: 733.321 Executing VM operation: Cleanup
Event: 733.322 Executing VM operation: Cleanup done

Events (20 events):
Event: 616.859 Thread 0x000002253beb3710 Thread exited: 0x000002253beb3710
Event: 616.859 Thread 0x000002253d0d6060 Thread exited: 0x000002253d0d6060
Event: 616.864 Thread 0x000002253d0d04f0 Thread exited: 0x000002253d0d04f0
Event: 640.420 Thread 0x000002253ac9c820 Thread added: 0x000002253ac9c820
Event: 650.149 Thread 0x000002253ac9c820 Thread exited: 0x000002253ac9c820
Event: 650.453 Thread 0x000002253ac9b010 Thread added: 0x000002253ac9b010
Event: 650.489 Thread 0x000002253ac9c820 Thread added: 0x000002253ac9c820
Event: 650.491 Thread 0x000002253ac9d1c0 Thread added: 0x000002253ac9d1c0
Event: 650.491 Thread 0x000002253ac9db60 Thread added: 0x000002253ac9db60
Event: 650.779 Thread 0x000002253c7b9c50 Thread added: 0x000002253c7b9c50
Event: 650.837 Thread 0x000002253c7b7aa0 Thread added: 0x000002253c7b7aa0
Event: 650.929 Thread 0x000002253c7ba5f0 Thread added: 0x000002253c7ba5f0
Event: 651.010 Thread 0x000002253ac9ab40 Thread exited: 0x000002253ac9ab40
Event: 651.015 Thread 0x000002253c3a8530 Thread exited: 0x000002253c3a8530
Event: 651.022 Thread 0x000002253ac9b4e0 Thread exited: 0x000002253ac9b4e0
Event: 698.455 Thread 0x000002253ac9be80 Thread exited: 0x000002253ac9be80
Event: 698.455 Thread 0x000002253ac9e030 Thread exited: 0x000002253ac9e030
Event: 698.455 Thread 0x000002253ac9c350 Thread exited: 0x000002253ac9c350
Event: 711.028 Thread 0x000002253c7ba5f0 Thread exited: 0x000002253c7ba5f0
Event: 711.073 Thread 0x000002253c7b7aa0 Thread exited: 0x000002253c7b7aa0


Dynamic libraries:
0x00007ff7e96f0000 - 0x00007ff7e96fd000 	C:\Users\Misbha Ahmed\.jdks\corretto-18.0.2\bin\java.exe
0x00007ff957b60000 - 0x00007ff957dc3000 	C:\WINDOWS\SYSTEM32\ntdll.dll
0x00007ff9560d0000 - 0x00007ff956197000 	C:\WINDOWS\System32\KERNEL32.DLL
0x00007ff955160000 - 0x00007ff955529000 	C:\WINDOWS\System32\KERNELBASE.dll
0x00007ff955740000 - 0x00007ff95588c000 	C:\WINDOWS\System32\ucrtbase.dll
0x00007ff94e000000 - 0x00007ff94e015000 	C:\Users\Misbha Ahmed\.jdks\corretto-18.0.2\bin\VCRUNTIME140.dll
0x00007ff94f610000 - 0x00007ff94f627000 	C:\Users\Misbha Ahmed\.jdks\corretto-18.0.2\bin\jli.dll
0x00007ff9568c0000 - 0x00007ff956a8a000 	C:\WINDOWS\System32\USER32.dll
0x00007ff934810000 - 0x00007ff934aa0000 	C:\WINDOWS\WinSxS\amd64_microsoft.windows.common-controls_6595b64144ccf1df_6.0.26100.3323_none_3e088096e3344490\COMCTL32.dll
0x00007ff955950000 - 0x00007ff955977000 	C:\WINDOWS\System32\win32u.dll
0x00007ff955a00000 - 0x00007ff955aa9000 	C:\WINDOWS\System32\msvcrt.dll
0x00007ff956d10000 - 0x00007ff956d3a000 	C:\WINDOWS\System32\GDI32.dll
0x00007ff954d60000 - 0x00007ff954e91000 	C:\WINDOWS\System32\gdi32full.dll
0x00007ff9550b0000 - 0x00007ff955153000 	C:\WINDOWS\System32\msvcp_win.dll
0x00007ff955e70000 - 0x00007ff955e9f000 	C:\WINDOWS\System32\IMM32.DLL
0x00007ff9385e0000 - 0x00007ff93867b000 	C:\Users\Misbha Ahmed\.jdks\corretto-18.0.2\bin\msvcp140.dll
0x00007ff904280000 - 0x00007ff904ef1000 	C:\Users\Misbha Ahmed\.jdks\corretto-18.0.2\bin\server\jvm.dll
0x00007ff956a90000 - 0x00007ff956b42000 	C:\WINDOWS\System32\ADVAPI32.dll
0x00007ff956d40000 - 0x00007ff956de6000 	C:\WINDOWS\System32\sechost.dll
0x00007ff955cf0000 - 0x00007ff955e06000 	C:\WINDOWS\System32\RPCRT4.dll
0x00007ff9573f0000 - 0x00007ff9573f8000 	C:\WINDOWS\System32\PSAPI.DLL
0x00007ff94dff0000 - 0x00007ff94dffa000 	C:\WINDOWS\SYSTEM32\WSOCK32.dll
0x00007ff945b00000 - 0x00007ff945b0b000 	C:\WINDOWS\SYSTEM32\VERSION.dll
0x00007ff92c480000 - 0x00007ff92c4b6000 	C:\WINDOWS\SYSTEM32\WINMM.dll
0x00007ff956050000 - 0x00007ff9560c4000 	C:\WINDOWS\System32\WS2_32.dll
0x00007ff953b80000 - 0x00007ff953b9a000 	C:\WINDOWS\SYSTEM32\kernel.appcore.dll
0x00007ff94dfe0000 - 0x00007ff94dfea000 	C:\Users\Misbha Ahmed\.jdks\corretto-18.0.2\bin\jimage.dll
0x00007ff9524e0000 - 0x00007ff952721000 	C:\WINDOWS\SYSTEM32\DBGHELP.DLL
0x00007ff957400000 - 0x00007ff957782000 	C:\WINDOWS\System32\combase.dll
0x00007ff956e20000 - 0x00007ff956ef6000 	C:\WINDOWS\System32\OLEAUT32.dll
0x00007ff92f5a0000 - 0x00007ff92f5d9000 	C:\WINDOWS\SYSTEM32\dbgcore.DLL
0x00007ff9556a0000 - 0x00007ff955739000 	C:\WINDOWS\System32\bcryptPrimitives.dll
0x00007ff947e10000 - 0x00007ff947e1e000 	C:\Users\Misbha Ahmed\.jdks\corretto-18.0.2\bin\instrument.dll
0x00007ff947560000 - 0x00007ff947585000 	C:\Users\Misbha Ahmed\.jdks\corretto-18.0.2\bin\java.dll
0x00007ff947390000 - 0x00007ff9473a8000 	C:\Users\Misbha Ahmed\.jdks\corretto-18.0.2\bin\zip.dll
0x00007ff937270000 - 0x00007ff937346000 	C:\Users\Misbha Ahmed\.jdks\corretto-18.0.2\bin\jsvml.dll
0x00007ff9561a0000 - 0x00007ff9568b5000 	C:\WINDOWS\System32\SHELL32.dll
0x00007ff955530000 - 0x00007ff955698000 	C:\WINDOWS\System32\wintypes.dll
0x00007ff952a60000 - 0x00007ff9532a5000 	C:\WINDOWS\SYSTEM32\windows.storage.dll
0x00007ff956b60000 - 0x00007ff956c4b000 	C:\WINDOWS\System32\SHCORE.dll
0x00007ff955e10000 - 0x00007ff955e6d000 	C:\WINDOWS\System32\shlwapi.dll
0x00007ff954c70000 - 0x00007ff954c9f000 	C:\WINDOWS\SYSTEM32\profapi.dll
0x00007ff9472f0000 - 0x00007ff947303000 	C:\Users\Misbha Ahmed\.jdks\corretto-18.0.2\bin\net.dll
0x00007ff94c080000 - 0x00007ff94c19e000 	C:\WINDOWS\SYSTEM32\WINHTTP.dll
0x00007ff9540a0000 - 0x00007ff95410a000 	C:\WINDOWS\system32\mswsock.dll
0x00007ff9471d0000 - 0x00007ff9471e5000 	C:\Users\Misbha Ahmed\.jdks\corretto-18.0.2\bin\nio.dll
0x00007ff946b60000 - 0x00007ff946b7a000 	C:\Users\Misbha Ahmed\IntelliJ IDEA Community Edition 2024.3\bin\breakgen64.dll
0x00007ff954340000 - 0x00007ff95435c000 	C:\WINDOWS\SYSTEM32\CRYPTSP.dll
0x00007ff953ae0000 - 0x00007ff953b1a000 	C:\WINDOWS\system32\rsaenh.dll
0x00007ff954140000 - 0x00007ff95416b000 	C:\WINDOWS\SYSTEM32\USERENV.dll
0x00007ff954580000 - 0x00007ff9545a6000 	C:\WINDOWS\SYSTEM32\bcrypt.dll
0x00007ff954360000 - 0x00007ff95436c000 	C:\WINDOWS\SYSTEM32\CRYPTBASE.dll
0x00007ff953610000 - 0x00007ff953643000 	C:\WINDOWS\SYSTEM32\IPHLPAPI.DLL
0x00007ff956c50000 - 0x00007ff956c5a000 	C:\WINDOWS\System32\NSI.dll
0x00007ff94e690000 - 0x00007ff94e6af000 	C:\WINDOWS\SYSTEM32\dhcpcsvc6.DLL
0x00007ff94e660000 - 0x00007ff94e685000 	C:\WINDOWS\SYSTEM32\dhcpcsvc.DLL
0x00007ff9536b0000 - 0x00007ff9537d5000 	C:\WINDOWS\SYSTEM32\DNSAPI.dll
0x00007ff947e20000 - 0x00007ff947e2b000 	C:\Windows\System32\rasadhlp.dll
0x00007ff94e790000 - 0x00007ff94e815000 	C:\WINDOWS\System32\fwpuclnt.dll
0x00007ff9472a0000 - 0x00007ff9472a9000 	C:\Users\Misbha Ahmed\.jdks\corretto-18.0.2\bin\management.dll
0x00007ff946b50000 - 0x00007ff946b5b000 	C:\Users\Misbha Ahmed\.jdks\corretto-18.0.2\bin\management_ext.dll
0x00007ff944930000 - 0x00007ff94493e000 	C:\Users\Misbha Ahmed\.jdks\corretto-18.0.2\bin\sunmscapi.dll
0x00007ff954f30000 - 0x00007ff9550a7000 	C:\WINDOWS\System32\CRYPT32.dll
0x00007ff954540000 - 0x00007ff954570000 	C:\WINDOWS\SYSTEM32\ncrypt.dll
0x00007ff9544f0000 - 0x00007ff95452f000 	C:\WINDOWS\SYSTEM32\NTASN1.dll

dbghelp: loaded successfully - version: 4.0.5 - missing functions: none
symbol engine: initialized successfully - sym options: 0x614 - pdb path: .;C:\Users\Misbha Ahmed\.jdks\corretto-18.0.2\bin;C:\WINDOWS\SYSTEM32;C:\WINDOWS\WinSxS\amd64_microsoft.windows.common-controls_6595b64144ccf1df_6.0.26100.3323_none_3e088096e3344490;C:\Users\Misbha Ahmed\.jdks\corretto-18.0.2\bin\server;C:\Users\Misbha Ahmed\IntelliJ IDEA Community Edition 2024.3\bin

VM Arguments:
jvm_args: -ea -Didea.test.cyclic.buffer.size=1048576 -javaagent:C:\Users\Misbha Ahmed\IntelliJ IDEA Community Edition 2024.3\lib\idea_rt.jar=53965:C:\Users\Misbha Ahmed\IntelliJ IDEA Community Edition 2024.3\bin -javaagent:C:\Users\MISBHA~1\AppData\Local\Temp\captureAgent82960jars\debugger-agent.jar -Dkotlinx.coroutines.debug.enable.creation.stack.trace=false -Ddebugger.agent.enable.coroutines=true -Dkotlinx.coroutines.debug.enable.flows.stack.trace=true -Dkotlinx.coroutines.debug.enable.mutable.state.flows.stack.trace=true -Dfile.encoding=UTF-8 -Dsun.stdout.encoding=UTF-8 -Dsun.stderr.encoding=UTF-8 
java_command: com.intellij.rt.testng.RemoteTestNGStarter -usedefaultlisteners false -socket53964 @w@C:\Users\MISBHA~1\AppData\Local\Temp\idea_working_dirs_testng.tmp -temp C:\Users\MISBHA~1\AppData\Local\Temp\idea_testng.tmp
java_class_path (initial): C:\Users\Misbha Ahmed\IntelliJ IDEA Community Edition 2024.3\lib\idea_rt.jar;C:\Users\Misbha Ahmed\IntelliJ IDEA Community Edition 2024.3\plugins\testng\lib\testng-rt.jar;C:\Users\Misbha Ahmed\Documents\SOL\Amazon\target\test-classes;C:\Users\Misbha Ahmed\Documents\SOL\Amazon\target\classes;C:\Users\Misbha Ahmed\.m2\repository\org\seleniumhq\selenium\selenium-java\4.29.0\selenium-java-4.29.0.jar;C:\Users\Misbha Ahmed\.m2\repository\org\seleniumhq\selenium\selenium-api\4.29.0\selenium-api-4.29.0.jar;C:\Users\Misbha Ahmed\.m2\repository\org\jspecify\jspecify\1.0.0\jspecify-1.0.0.jar;C:\Users\Misbha Ahmed\.m2\repository\org\seleniumhq\selenium\selenium-chrome-driver\4.29.0\selenium-chrome-driver-4.29.0.jar;C:\Users\Misbha Ahmed\.m2\repository\com\google\auto\service\auto-service-annotations\1.1.1\auto-service-annotations-1.1.1.jar;C:\Users\Misbha Ahmed\.m2\repository\org\seleniumhq\selenium\selenium-chromium-driver\4.29.0\selenium-chromium-driver-4.29.0.jar;C:\Users\Misbha Ahmed\.m2\repository\org\seleniumhq\selenium\selenium-json\4.29.0\selenium-json-4.29.0.jar;C:\Users\Misbha Ahmed\.m2\repository\org\seleniumhq\selenium\selenium-manager\4.29.0\selenium-manager-4.29.0.jar;C:\Users\Misbha Ahmed\.m2\repository\org\seleniumhq\selenium\selenium-devtools-v131\4.29.0\selenium-devtools-v131-4.29.0.jar;C:\Users\Misbha Ahmed\.m2\repository\org\seleniumhq\selenium\selenium-devtools-v132\4.29.0\selenium-devtools-v132-4.29.0.jar;C:\Users\Misbha Ahmed\.m2\repository\org\seleniumhq\selenium\selenium-devtools-v133\4.29.0\selenium-devtools-v133-4.29.0.jar;C:\Users\Misbha Ahmed\.m2\repository\org\seleniumhq\selenium\selenium-devtools-v85\4.29.0\selenium-devtools-v85-4.29.0.jar;C:\Users\Misbha Ahmed\.m2\repository\org\seleniumhq\selenium\selenium-edge-driver\4.29.0\selenium-edge-driver-4.29.0.jar;C:\Users\Misbha Ahmed\.m2\repository\org\seleniumhq\selenium\selenium-firefox-driver\4.29.0\selenium-firefox-driver-4.29.0.jar;C:\Users\Misbha Ahmed\.m2\repository\org\seleniumhq\selenium\selenium-http\4.29.0\selenium-http-4.29.0.jar;C:\Users\Misbha Ahmed\.m2\repository\org\seleniumhq\selenium\selenium-ie-driver\4.29.0\selenium-ie-driver-4.29.0.jar;C:\Users\Misbha Ahmed\.m2\repository\org\seleniumhq\selenium\selenium-remote-driver\4.29.0\selenium-remote-driver-4.29.0.jar;C:\Users\Misbha Ahmed\.m2\repository\com\google\guava\guava\33.4.0-jre\guava-33.4.0-jre.jar;C:\Users\Misbha Ahmed\.m2\repository\com\google\guava\failureaccess\1.0.2\failureaccess-1.0.2.jar;C:\Users\Misbha Ahmed\.m2\repository\com\google\guava\listenablefuture\9999.0-empty-to-avoid-conflict-with-guava\listenablefuture-9999.0-empty-to-avoid-conflict-with-guava.jar;C:\Users\Misbha Ahmed\.m2\repository\com\google\code\findbugs\jsr305\3.0.2\jsr305-3.0.2.jar;C:\Users\Misbha Ahmed\.m2\repository\org\checkerframework\checker-qual\3.43.0\checker-qual-3.43.0.jar;C:\Users\Misbha Ahmed\.m2\repository\com\google\errorprone\error_prone_annotations\2.36.0\error_prone_annotations-2.36.0.jar;C:\Users\Misbha Ahmed\.m2\repository\com\google\j2objc\j2objc-annotations\3.0.0\j2objc-annotations-3.0.0.jar;C:\Users\Misbha Ahmed\.m2\repository\io\opentelemetry\semconv\opentelemetry-semconv\1.28.0-alpha\opentelemetry-semconv-1.28.0-alpha.jar;C:\Users\Misbha Ahmed\.m2\repository\io\opentelemetry\opentelemetry-api\1.46.0\opentelemetry-api-1.46.0.jar;C:\Users\Misbha Ahmed\.m2\repository\io\opentelemetry\opentelemetry-context\1.46.0\opentelemetry-context-1.46.0.jar;C:\Users\Misbha Ahmed\.m2\repository\io\opentelemetry\opentelemetry-exporter-logging\1.46.0\opentelemetry-exporter-logging-1.46.0.jar;C:\Users\Misbha Ahmed\.m2\repository\io\opentelemetry\opentelemetry-sdk-common\1.46.0\opentelemetry-sdk-common-1.46.0.jar;C:\Users\Misbha Ahmed\.m2\repository\io\opentelemetry\opentelemetry-sdk-extension-autoconfigure-spi\1.46.0\opentelemetry-sdk-extension-autoconfigure-spi-1.46.0.jar;C:\Users\Misbha Ahmed\.m2\repository\io\opentelemetry\opentelemetry-sdk-extension-autoconfigure\1.46.0\opentelemetry-sdk-extension-autoconfigure-1.46.0.jar;C:\Users\Misbha Ahmed\.m2\repository\io\opentelemetry\opentelemetry-api-incubator\1.46.0-alpha\opentelemetry-api-incubator-1.46.0-alpha.jar;C:\Users\Misbha Ahmed\.m2\repository\io\opentelemetry\opentelemetry-sdk-trace\1.46.0\opentelemetry-sdk-trace-1.46.0.jar;C:\Users\Misbha Ahmed\.m2\repository\io\opentelemetry\opentelemetry-sdk\1.46.0\opentelemetry-sdk-1.46.0.jar;C:\Users\Misbha Ahmed\.m2\repository\io\opentelemetry\opentelemetry-sdk-metrics\1.46.0\opentelemetry-sdk-metrics-1.46.0.jar;C:\Users\Misbha Ahmed\.m2\repository\io\opentelemetry\opentelemetry-sdk-logs\1.46.0\opentelemetry-sdk-logs-1.46.0.jar;C:\Users\Misbha Ahmed\.m2\repository\net\bytebuddy\byte-buddy\1.15.11\byte-buddy-1.15.11.jar;C:\Users\Misbha Ahmed\.m2\repository\org\seleniumhq\selenium\selenium-os\4.29.0\selenium-os-4.29.0.jar;C:\Users\Misbha Ahmed\.m2\repository\org\apache\commons\commons-exec\1.4.0\commons-exec-1.4.0.jar;C:\Users\Misbha Ahmed\.m2\repository\org\seleniumhq\selenium\selenium-safari-driver\4.29.0\selenium-safari-driver-4.29.0.jar;C:\Users\Misbha Ahmed\.m2\repository\org\seleniumhq\selenium\selenium-support\4.29.0\selenium-support-4.29.0.jar;C:\Users\Misbha Ahmed\.m2\repository\org\testng\testng\7.11.0\testng-7.11.0.jar;C:\Users\Misbha Ahmed\.m2\repository\org\slf4j\slf4j-api\2.0.16\slf4j-api-2.0.16.jar;C:\Users\Misbha Ahmed\.m2\repository\org\jcommander\jcommander\1.83\jcommander-1.83.jar;C:\Users\Misbha Ahmed\.m2\repository\org\webjars\jquery\3.7.1\jquery-3.7.1.jar;C:\Users\Misbha Ahmed\.m2\repository\org\apache\poi\poi\5.4.0\poi-5.4.0.jar;C:\Users\Misbha Ahmed\.m2\repository\commons-codec\commons-codec\1.17.1\commons-codec-1.17.1.jar;C:\Users\Misbha Ahmed\.m2\repository\org\apache\commons\commons-collections4\4.4\commons-collections4-4.4.jar;C:\Users\Misbha Ahmed\.m2\repository\org\apache\commons\commons-math3\3.6.1\commons-math3-3.6.1.jar;C:\Users\Misbha Ahmed\.m2\repository\commons-io\commons-io\2.18.0\commons-io-2.18.0.jar;C:\Users\Misbha Ahmed\.m2\repository\com\zaxxer\SparseBitSet\1.3\SparseBitSet-1.3.jar;C:\Users\Misbha Ahmed\.m2\repository\org\apache\logging\log4j\log4j-api\2.24.3\log4j-api-2.24.3.jar
Launcher Type: SUN_STANDARD

[Global flags]
     intx CICompilerCount                          = 4                                         {product} {ergonomic}
     uint ConcGCThreads                            = 2                                         {product} {ergonomic}
     uint G1ConcRefinementThreads                  = 8                                         {product} {ergonomic}
   size_t G1HeapRegionSize                         = 1048576                                   {product} {ergonomic}
    uintx GCDrainStackTargetSize                   = 64                                        {product} {ergonomic}
   size_t InitialHeapSize                          = 132120576                                 {product} {ergonomic}
   size_t MarkStackSize                            = 4194304                                   {product} {ergonomic}
   size_t MaxHeapSize                              = 2086666240                                {product} {ergonomic}
   size_t MaxNewSize                               = 1251999744                                {product} {ergonomic}
   size_t MinHeapDeltaBytes                        = 1048576                                   {product} {ergonomic}
   size_t MinHeapSize                              = 8388608                                   {product} {ergonomic}
    uintx NonNMethodCodeHeapSize                   = 5839372                                {pd product} {ergonomic}
    uintx NonProfiledCodeHeapSize                  = 122909434                              {pd product} {ergonomic}
    uintx ProfiledCodeHeapSize                     = 122909434                              {pd product} {ergonomic}
    uintx ReservedCodeCacheSize                    = 251658240                              {pd product} {ergonomic}
     bool SegmentedCodeCache                       = true                                      {product} {ergonomic}
   size_t SoftMaxHeapSize                          = 2086666240                             {manageable} {ergonomic}
     bool UseCompressedClassPointers               = true                           {product lp64_product} {ergonomic}
     bool UseCompressedOops                        = true                           {product lp64_product} {ergonomic}
     bool UseG1GC                                  = true                                      {product} {ergonomic}
     bool UseLargePagesIndividualAllocation        = false                                  {pd product} {ergonomic}

Logging:
Log output configuration:
 #0: stdout all=warning uptime,level,tags foldmultilines=false
 #1: stderr all=off uptime,level,tags foldmultilines=false

Environment Variables:
JAVA_HOME=C:\Program Files\Java\jdk-17.0.5
PATH=C:\Python311\Scripts\;C:\Python311\;C:\Program Files\Common Files\Oracle\Java\javapath;C:\Program Files (x86)\Common Files\Oracle\Java\javapath;C:\WINDOWS;C:\WINDOWS\System32\Wbem;C:\WINDOWS\System32\WindowsPowerShell\v1.0\;C:\WINDOWS\System32\OpenSSH\;C:\apache-maven-3.9.0\bin;C:\Program Files\Java\jdk-17.0.5\bin;C:\WINDOWS\system32;C:\Program Files\Git\cmd;C:\Program Files\nodejs\;C:\ProgramData\chocolatey\bin;C:\Users\Misbha Ahmed\AppData\Local\Microsoft\WindowsApps;C:\Users\apache-maven-3.9.0-bin.zip\apache-maven-3.9.0\bin;C:\Users\Misbha Ahmed\AppData\Local\JetBrains\IntelliJ IDEA Community Edition 2022.3.1\bin;C:\Users\Misbha Ahmed\AppData\Roaming\npm;
USERNAME=Misbha Ahmed
OS=Windows_NT
PROCESSOR_IDENTIFIER=Intel64 Family 6 Model 126 Stepping 5, GenuineIntel



---------------  S Y S T E M  ---------------

OS:
 Windows 11 , 64 bit Build 26100 (10.0.26100.3323)
OS uptime: 6 days 1:10 hours

CPU: total 8 (initial active 8) (4 cores per cpu, 2 threads per core) family 6 model 126 stepping 5 microcode 0xc6, cx8, cmov, fxsr, ht, mmx, 3dnowpref, sse, sse2, sse3, ssse3, sse4.1, sse4.2, popcnt, lzcnt, tsc, tscinvbit, avx, avx2, aes, erms, clmul, bmi1, bmi2, adx, avx512f, avx512dq, avx512cd, avx512bw, avx512vl, sha, fma, vzeroupper, avx512_vpopcntdq, avx512_vpclmulqdq, avx512_vaes, avx512_vnni, clflush, clflushopt, avx512_vbmi2, avx512_vbmi

Memory: 4k page, system-wide physical 7955M (481M free)
TotalPageFile size 32531M (AvailPageFile size 0M)
current process WorkingSet (physical memory assigned to process): 19M, peak: 158M
current process commit charge ("private bytes"): 191M, peak: 266M

vm_info: OpenJDK 64-Bit Server VM (18.0.2+9-FR) for windows-amd64 JRE (18.0.2+9-FR), built on Jul 15 2022 20:03:03 by "Administrator" with MS VC++ 15.9 (VS2017)

END.
